Using pre-set license

 COMMAND LINE ARGUMENTS:
/Applications/Unity/Hub/Editor/2020.2.6f1/Unity.app/Contents/MacOS/Unity
-adb2
-batchMode
-noUpm
-name
AssetImportWorker0
-projectPath
/Users/JuanHernandez/Documents/GitHub/07-Glitch-Garden
-logFile
Logs/AssetImportWorker0.log
-srvPort
64039
Successfully changed project path to: /Users/JuanHernandez/Documents/GitHub/07-Glitch-Garden
/Users/JuanHernandez/Documents/GitHub/07-Glitch-Garden
Using Asset Import Pipeline V2.
Refreshing native plugins compatible for Editor in 38.32 ms, found 1 plugins.
Preloading 0 native plugins for Editor in 0.00 ms.
Initialize engine version: 2020.2.6f1 (8a2143876886)
[Subsystems] Discovering subsystems at path /Applications/Unity/Hub/Editor/2020.2.6f1/Unity.app/Contents/Resources/UnitySubsystems
[Subsystems] Discovering subsystems at path /Users/JuanHernandez/Documents/GitHub/07-Glitch-Garden/Assets
GfxDevice: creating device client; threaded=0
2021-03-12 22:09:15.489 Unity[12253:569315] Color LCD preferred device: Intel Iris Pro Graphics (low power)
2021-03-12 22:09:15.489 Unity[12253:569315] Metal devices available: 2
2021-03-12 22:09:15.489 Unity[12253:569315] 0: NVIDIA GeForce GT 750M (high power)
2021-03-12 22:09:15.489 Unity[12253:569315] 1: Intel Iris Pro Graphics (low power)
2021-03-12 22:09:15.489 Unity[12253:569315] Using device NVIDIA GeForce GT 750M (high power)
Initializing Metal device caps: NVIDIA GeForce GT 750M
Initialize mono
Mono path[0] = '/Applications/Unity/Hub/Editor/2020.2.6f1/Unity.app/Contents/Managed'
Mono path[1] = '/Applications/Unity/Hub/Editor/2020.2.6f1/Unity.app/Contents/MonoBleedingEdge/lib/mono/unityjit'
Mono config path = '/Applications/Unity/Hub/Editor/2020.2.6f1/Unity.app/Contents/MonoBleedingEdge/etc'
Using monoOptions --debugger-agent=transport=dt_socket,embedding=1,server=y,suspend=n,address=127.0.0.1:56253
Begin MonoManager ReloadAssembly
Registering precompiled unity dll's ...
Register platform support module: /Applications/Unity/Hub/Editor/2020.2.6f1/Unity.app/Contents/PlaybackEngines/MacStandaloneSupport/UnityEditor.OSXStandalone.Extensions.dll
Register platform support module: /Applications/Unity/Hub/Editor/2020.2.6f1/PlaybackEngines/WindowsStandaloneSupport/UnityEditor.WindowsStandalone.Extensions.dll
Registered in 0.000777 seconds.
Native extension for WindowsStandalone target not found
Native extension for OSXStandalone target not found
Refreshing native plugins compatible for Editor in 33.75 ms, found 1 plugins.
Preloading 0 native plugins for Editor in 0.00 ms.
Invoked RoslynAnalysisRunner static constructor.
RoslynAnalysisRunner will not be running.
RoslynAnalysisRunner has terminated.
Mono: successfully reloaded assembly
- Completed reload, in  2.020 seconds
Platform modules already initialized, skipping
Registering precompiled user dll's ...
Registered in 0.001653 seconds.
Begin MonoManager ReloadAssembly
Native extension for WindowsStandalone target not found
Native extension for OSXStandalone target not found
Refreshing native plugins compatible for Editor in 0.50 ms, found 1 plugins.
Preloading 0 native plugins for Editor in 0.00 ms.
Invoked RoslynAnalysisRunner static constructor.
RoslynAnalysisRunner will not be running.
RoslynAnalysisRunner has terminated.
Mono: successfully reloaded assembly
- Completed reload, in  1.064 seconds
Platform modules already initialized, skipping
========================================================================
Worker process is ready to serve import requests
Launching external process: /Applications/Unity/Hub/Editor/2020.2.6f1/Unity.app/Contents/Tools/UnityShaderCompiler
Launched and connected shader compiler UnityShaderCompiler after 0.01 seconds
Refreshing native plugins compatible for Editor in 0.46 ms, found 1 plugins.
Preloading 0 native plugins for Editor in 0.00 ms.
Unloading 1561 Unused Serialized files (Serialized files now loaded: 0)
System memory in use before: 126.4 MB.
System memory in use after: 126.5 MB.

Unloading 37 unused Assets to reduce memory usage. Loaded Objects now: 1985.
Total: 2.485051 ms (FindLiveObjects: 0.334316 ms CreateObjectMapping: 0.151960 ms MarkObjects: 1.912208 ms  DeleteObjects: 0.085405 ms)

========================================================================
Received Import Request.
  path: Assets/Scenes/Options Screen.unity
  artifactKey: Guid(437275e0ede2e534e99ce9b02b217d2a) Importer(815301076,1909f56bfc062723c751e8b465ee728b)
Start importing Assets/Scenes/Options Screen.unity using Guid(437275e0ede2e534e99ce9b02b217d2a) Importer(815301076,1909f56bfc062723c751e8b465ee728b)  -> (artifact id: 'd9684afbd91b5a7a99bfe979673eb262') in 0.013408 seconds
  Import took 0.016956 seconds .

========================================================================
Received Import Request.
  Time since last request: 2.276275 seconds.
  path: Assets/Scenes/Splash Screen.unity
  artifactKey: Guid(3b8c766ea0bf4864aae99448b1cbac74) Importer(815301076,1909f56bfc062723c751e8b465ee728b)
Start importing Assets/Scenes/Splash Screen.unity using Guid(3b8c766ea0bf4864aae99448b1cbac74) Importer(815301076,1909f56bfc062723c751e8b465ee728b)  -> (artifact id: 'e371fc525713d2a07fd952825999f85f') in 0.001957 seconds
  Import took 0.005335 seconds .

========================================================================
Received Import Request.
  Time since last request: 2.444498 seconds.
  path: Assets/Scenes/Start Screen.unity
  artifactKey: Guid(80b5d51ef7ba0104ba078c9cace0c1f9) Importer(815301076,1909f56bfc062723c751e8b465ee728b)
Start importing Assets/Scenes/Start Screen.unity using Guid(80b5d51ef7ba0104ba078c9cace0c1f9) Importer(815301076,1909f56bfc062723c751e8b465ee728b)  -> (artifact id: 'f17f8a0b25113534e9287c10ada54343') in 0.001889 seconds
  Import took 0.005047 seconds .

========================================================================
Received Import Request.
  Time since last request: 1.473268 seconds.
  path: Assets/Scenes/Win Screen.unity
  artifactKey: Guid(de3ac8056ceae8140b58a10ad0bafa61) Importer(815301076,1909f56bfc062723c751e8b465ee728b)
Start importing Assets/Scenes/Win Screen.unity using Guid(de3ac8056ceae8140b58a10ad0bafa61) Importer(815301076,1909f56bfc062723c751e8b465ee728b)  -> (artifact id: '9308ad53409992010a9bb5bfbd3f61b9') in 0.001996 seconds
  Import took 0.005557 seconds .

========================================================================
Received Import Request.
  Time since last request: 6.363419 seconds.
  path: Assets/Scenes/Blank Level.unity
  artifactKey: Guid(3a1b2dcd8cb531b4bb2712d4c65e7ad8) Importer(815301076,1909f56bfc062723c751e8b465ee728b)
Start importing Assets/Scenes/Blank Level.unity using Guid(3a1b2dcd8cb531b4bb2712d4c65e7ad8) Importer(815301076,1909f56bfc062723c751e8b465ee728b)  -> (artifact id: 'a6df2ebefe00a804df6150f5f19200af') in 0.001420 seconds
  Import took 0.004243 seconds .

========================================================================
Received Import Request.
  Time since last request: 2.088463 seconds.
  path: Assets/Scenes/Level 1.unity
  artifactKey: Guid(a59f47f7ce9965f4b91d87f644b41e69) Importer(815301076,1909f56bfc062723c751e8b465ee728b)
Start importing Assets/Scenes/Level 1.unity using Guid(a59f47f7ce9965f4b91d87f644b41e69) Importer(815301076,1909f56bfc062723c751e8b465ee728b)  -> (artifact id: '2147c3869ef12933b338703054fe581f') in 0.001702 seconds
  Import took 0.004766 seconds .

========================================================================
Received Import Request.
  Time since last request: 5.142769 seconds.
  path: Assets/Scenes/Level 2.unity
  artifactKey: Guid(b1720fb6b92a8574bb910477055543a2) Importer(815301076,1909f56bfc062723c751e8b465ee728b)
Start importing Assets/Scenes/Level 2.unity using Guid(b1720fb6b92a8574bb910477055543a2) Importer(815301076,1909f56bfc062723c751e8b465ee728b)  -> (artifact id: '0c50f4492061946a1aff7d22d3ac988c') in 0.002048 seconds
  Import took 0.005280 seconds .

